=================================================
Project : closure_57	start : 19/11/24 15:54
Current failed test : com.google.javascript.jscomp.ClosureCodingConventionTest::testRequire | 19/11/24 15:54
Sun Nov 24 15:59:47 EST 2019 com.google.javascript.jscomp.ClosureCodingConvention,185
Sun Nov 24 16:01:10 EST 2019 com.google.javascript.jscomp.ClosureCodingConvention,192

----------------------------------------
----------------------------------------
Pass Single Test : [=>0,0]
if(target!=null&&target.getType()==Token.STRING){
className=target.getString();
}

Time : 19/11/24 16:02
----------------------------------------

----------------------------------------
----------------------------------------
Similar code block : 1.4285714285714286 : [/home/zach/Downloads/simfix/d4j/projects/closure/closure_57_buggy/src/com/google/javascript/jscomp/ClosureCodingConvention.java=>0,0]
if(last!=null&&last.getType()==Token.STRING){
String propName=last.getString();
return (propName.equals(methodName));
}

Time : 19/11/24 16:03
----------------------------------------

----------------------------------------
----------------------------------------
Original source code : [/home/zach/Downloads/simfix/d4j/projects/closure/closure_57_buggy/src/com/google/javascript/jscomp/ClosureCodingConvention.java=>197,199]
if(target!=null){
className=target.getString();
}

Time : 19/11/24 16:03
----------------------------------------

----------------------------------------
----------------------------------------
Find a patch : [/home/zach/Downloads/simfix/d4j/projects/closure/closure_57_buggy/src/com/google/javascript/jscomp/ClosureCodingConvention.java=>197,199]
if(target!=null&&target.getType()==Token.STRING){
className=target.getString();
}

Time : 19/11/24 16:03
----------------------------------------
Success time : 19/11/24 16:03
