=================================================
Project : closure_62	start : 19/11/24 16:03
Current failed test : com.google.javascript.jscomp.LightweightMessageFormatterTest::testFormatErrorSpaceEndOfLine1 | 19/11/24 16:03
Sun Nov 24 16:06:22 EST 2019 com.google.javascript.jscomp.LightweightMessageFormatter,90
Sun Nov 24 16:14:44 EST 2019 com.google.javascript.jscomp.LightweightMessageFormatter,91
Sun Nov 24 16:14:44 EST 2019 com.google.javascript.jscomp.LightweightMessageFormatter,92

----------------------------------------
----------------------------------------
Pass Single Test : [=>0,0]
if(excerpt.equals(LINE)&&0<=charno&&charno<=sourceExcerpt.length()){
for(int i=0;i<charno;i++){
char c=sourceExcerpt.charAt(i);
if(Character.isWhitespace(c)){
b.append(c);
}else {
b.append(' ');
}
}
b.append("^\n");
}

Time : 19/11/24 16:57
----------------------------------------

----------------------------------------
----------------------------------------
Similar code block : 2.9715598018508236 : [/home/zach/Downloads/simfix/d4j/projects/closure/closure_62_buggy/src/com/google/javascript/jscomp/LightweightMessageFormatter.java=>0,0]
String details=details();
if(sourceName==null||lineNumber<=0){
return details;
}
StringBuilder buf=new StringBuilder(details);
buf.append(" (");
if(sourceName!=null){
buf.append(sourceName);
}
if(lineNumber>0){
buf.append('#');
buf.append(lineNumber);
}
buf.append(')');
return buf.toString();

Time : 19/11/24 16:58
----------------------------------------

----------------------------------------
----------------------------------------
Original source code : [/home/zach/Downloads/simfix/d4j/projects/closure/closure_62_buggy/src/com/google/javascript/jscomp/LightweightMessageFormatter.java=>97,108]
if(excerpt.equals(LINE)&&0<=charno&&charno<sourceExcerpt.length()){
for(int i=0;i<charno;i++){
char c=sourceExcerpt.charAt(i);
if(Character.isWhitespace(c)){
b.append(c);
}else {
b.append(' ');
}
}
b.append("^\n");
}

Time : 19/11/24 16:58
----------------------------------------

----------------------------------------
----------------------------------------
Find a patch : [/home/zach/Downloads/simfix/d4j/projects/closure/closure_62_buggy/src/com/google/javascript/jscomp/LightweightMessageFormatter.java=>97,108]
if(excerpt.equals(LINE)&&0<=charno&&charno<=sourceExcerpt.length()){
for(int i=0;i<charno;i++){
char c=sourceExcerpt.charAt(i);
if(Character.isWhitespace(c)){
b.append(c);
}else {
b.append(' ');
}
}
b.append("^\n");
}

Time : 19/11/24 16:58
----------------------------------------
Success time : 19/11/24 16:58
