=================================================
Project : closure_73	start : 19/11/24 17:53
Current failed test : com.google.javascript.jscomp.CodePrinterTest::testUnicode | 19/11/24 17:53
Sun Nov 24 17:57:42 EST 2019 com.google.javascript.jscomp.CodeGenerator,1051

----------------------------------------
----------------------------------------
Pass Single Test : [=>0,0]
if(c>0x1f&&c<0x7f){
sb.append(c);
}else {
appendHexJavaScriptRepresentation(sb,c);
}

Time : 19/11/24 17:57
----------------------------------------

----------------------------------------
----------------------------------------
Similar code block : 3.0 : [/home/zach/Downloads/simfix/d4j/projects/closure/closure_73_buggy/src/com/google/javascript/jscomp/CodeGenerator.java=>0,0]
if(c>0x1f&&c<0x7f){
sb.append(c);
}else {
appendHexJavaScriptRepresentation(sb,c);
}

Time : 19/11/24 17:58
----------------------------------------

----------------------------------------
----------------------------------------
Original source code : [/home/zach/Downloads/simfix/d4j/projects/closure/closure_73_buggy/src/com/google/javascript/jscomp/CodeGenerator.java=>1045,1052]
if(c>0x1f&&c<=0x7f){
sb.append(c);
}else {
appendHexJavaScriptRepresentation(sb,c);
}

Time : 19/11/24 17:58
----------------------------------------

----------------------------------------
----------------------------------------
Find a patch : [/home/zach/Downloads/simfix/d4j/projects/closure/closure_73_buggy/src/com/google/javascript/jscomp/CodeGenerator.java=>1045,1052]
if(c>0x1f&&c<0x7f){
sb.append(c);
}else {
appendHexJavaScriptRepresentation(sb,c);
}

Time : 19/11/24 17:58
----------------------------------------
Success time : 19/11/24 17:58
