=================================================
Project : math_35	start : 19/11/24 18:13
Current failed test : org.apache.commons.math3.genetics.ElitisticListPopulationTest::testChromosomeListConstructorTooHigh | 19/11/24 18:13
Sun Nov 24 18:13:43 EST 2019 org.apache.commons.math3.genetics.ElitisticListPopulation,50

----------------------------------------
----------------------------------------
Pass Single Test : [=>0,0]
super(chromosomes,populationLimit);
if(elitismRate<0||elitismRate>1){
throw new OutOfRangeException(LocalizedFormats.ELITISM_RATE,elitismRate,0,1);
}
this.elitismRate=elitismRate;

Time : 19/11/24 18:14
----------------------------------------

----------------------------------------
----------------------------------------
Similar code block : 1.1195324975698817 : [/home/zach/Downloads/simfix/d4j/projects/math/math_35_buggy/src/main/java/org/apache/commons/math3/genetics/ElitisticListPopulation.java=>0,0]
if(elitismRate<0||elitismRate>1){
throw new OutOfRangeException(LocalizedFormats.ELITISM_RATE,elitismRate,0,1);
}
this.elitismRate=elitismRate;

Time : 19/11/24 18:14
----------------------------------------

----------------------------------------
----------------------------------------
Original source code : [/home/zach/Downloads/simfix/d4j/projects/math/math_35_buggy/src/main/java/org/apache/commons/math3/genetics/ElitisticListPopulation.java=>50,51]
super(chromosomes,populationLimit);
this.elitismRate=elitismRate;

Time : 19/11/24 18:14
----------------------------------------

----------------------------------------
----------------------------------------
Find a patch : [/home/zach/Downloads/simfix/d4j/projects/math/math_35_buggy/src/main/java/org/apache/commons/math3/genetics/ElitisticListPopulation.java=>50,51]
super(chromosomes,populationLimit);
if(elitismRate<0||elitismRate>1){
throw new OutOfRangeException(LocalizedFormats.ELITISM_RATE,elitismRate,0,1);
}
this.elitismRate=elitismRate;

Time : 19/11/24 18:14
----------------------------------------
Success time : 19/11/24 18:14
Current failed test : org.apache.commons.math3.genetics.ElitisticListPopulationTest::testConstructorTooHigh | 19/11/24 18:14
Sun Nov 24 18:14:58 EST 2019 Sun Nov 24 18:14:58 EST 2019 : org.apache.commons.math3.genetics.ElitisticListPopulation,36=>Find no block
Sun Nov 24 18:14:58 EST 2019 org.apache.commons.math3.genetics.ElitisticListPopulation,64

----------------------------------------
----------------------------------------
Pass Single Test : [=>0,0]
super(populationLimit);
if(elitismRate<0||elitismRate>1){
throw new OutOfRangeException(LocalizedFormats.ELITISM_RATE,elitismRate,0,1);
}
this.elitismRate=elitismRate;

Time : 19/11/24 18:15
----------------------------------------

----------------------------------------
----------------------------------------
Similar code block : 1.1673083711820307 : [/home/zach/Downloads/simfix/d4j/projects/math/math_35_buggy/src/main/java/org/apache/commons/math3/genetics/ElitisticListPopulation.java=>0,0]
if(elitismRate<0||elitismRate>1){
throw new OutOfRangeException(LocalizedFormats.ELITISM_RATE,elitismRate,0,1);
}
this.elitismRate=elitismRate;

Time : 19/11/24 18:15
----------------------------------------

----------------------------------------
----------------------------------------
Original source code : [/home/zach/Downloads/simfix/d4j/projects/math/math_35_buggy/src/main/java/org/apache/commons/math3/genetics/ElitisticListPopulation.java=>64,65]
super(populationLimit);
this.elitismRate=elitismRate;

Time : 19/11/24 18:15
----------------------------------------

----------------------------------------
----------------------------------------
Find a patch : [/home/zach/Downloads/simfix/d4j/projects/math/math_35_buggy/src/main/java/org/apache/commons/math3/genetics/ElitisticListPopulation.java=>64,65]
super(populationLimit);
if(elitismRate<0||elitismRate>1){
throw new OutOfRangeException(LocalizedFormats.ELITISM_RATE,elitismRate,0,1);
}
this.elitismRate=elitismRate;

Time : 19/11/24 18:15
----------------------------------------
Success time : 19/11/24 18:15
Current failed test : org.apache.commons.math3.genetics.ElitisticListPopulationTest::testChromosomeListConstructorTooLow | 19/11/24 18:15
Already fixed : org.apache.commons.math3.genetics.ElitisticListPopulationTest::testChromosomeListConstructorTooLow
Current failed test : org.apache.commons.math3.genetics.ElitisticListPopulationTest::testConstructorTooLow | 19/11/24 18:15
Already fixed : org.apache.commons.math3.genetics.ElitisticListPopulationTest::testConstructorTooLow
