=================================================
Project : math_5	start : 19/11/24 18:08
Current failed test : org.apache.commons.math3.complex.ComplexTest::testReciprocalZero | 19/11/24 18:08
Sun Nov 24 18:08:50 EST 2019 org.apache.commons.math3.complex.Complex,305

----------------------------------------
----------------------------------------
Pass Single Test : [=>0,0]
if(real==0.0&&imaginary==0.0){
return INF;
}

Time : 19/11/24 18:09
----------------------------------------

----------------------------------------
----------------------------------------
Similar code block : 1.7606388292556647 : [/home/zach/Downloads/simfix/d4j/projects/math/math_5_buggy/src/main/java/org/apache/commons/math3/complex/Complex.java=>0,0]
if(Double.isInfinite(real)||Double.isInfinite(imaginary)){
return INF;
}

Time : 19/11/24 18:10
----------------------------------------

----------------------------------------
----------------------------------------
Original source code : [/home/zach/Downloads/simfix/d4j/projects/math/math_5_buggy/src/main/java/org/apache/commons/math3/complex/Complex.java=>304,306]
if(real==0.0&&imaginary==0.0){
return NaN;
}

Time : 19/11/24 18:10
----------------------------------------

----------------------------------------
----------------------------------------
Find a patch : [/home/zach/Downloads/simfix/d4j/projects/math/math_5_buggy/src/main/java/org/apache/commons/math3/complex/Complex.java=>304,306]
if(real==0.0&&imaginary==0.0){
return INF;
}

Time : 19/11/24 18:10
----------------------------------------
Success time : 19/11/24 18:10
