=================================================
Project : math_50	start : 19/11/24 19:05
Current failed test : org.apache.commons.math.analysis.solvers.RegulaFalsiSolverTest::testIssue631 | 19/11/24 19:05
Sun Nov 24 19:05:55 EST 2019 org.apache.commons.math.analysis.solvers.BaseSecantSolver,188

----------------------------------------
----------------------------------------
Pass Single Test : [=>0,0]
f0=ftol;
if(x==x1){
x0=0.5*(x0+x1-FastMath.max(rtol*FastMath.abs(x1),atol));
f0=computeObjectiveValue(x0);
}

Time : 19/11/24 19:06
----------------------------------------

----------------------------------------
----------------------------------------
Pass Single Test : [=>0,0]
x0=x1;
f0=ftol;
if(x==x1){
x0=0.5*(x0+x1-FastMath.max(rtol*FastMath.abs(x1),atol));
f0=computeObjectiveValue(x0);
}

Time : 19/11/24 19:06
----------------------------------------

----------------------------------------
----------------------------------------
Pass Single Test : [=>0,0]
if(x==x0){
x0=0.5*(x0+x1-FastMath.max(rtol*FastMath.abs(x1),atol));
f0=computeObjectiveValue(x0);
}

Time : 19/11/24 19:07
----------------------------------------

----------------------------------------
----------------------------------------
Similar code block : 1.9704787500656593 : [/home/zach/Downloads/simfix/d4j/projects/math/math_50_buggy/src/main/java/org/apache/commons/math/analysis/solvers/BaseSecantSolver.java=>0,0]
for(m=j;m<n-1;m++){
double delta=FastMath.abs(realEigenvalues[m])+FastMath.abs(realEigenvalues[m+1]);
if(FastMath.abs(e[m])+delta==delta){
break;
}
}

Time : 19/11/24 19:07
----------------------------------------

----------------------------------------
----------------------------------------
Original source code : [/home/zach/Downloads/simfix/d4j/projects/math/math_50_buggy/src/main/java/org/apache/commons/math/analysis/solvers/BaseSecantSolver.java=>187,190]
if(x==x1){
x0=0.5*(x0+x1-FastMath.max(rtol*FastMath.abs(x1),atol));
f0=computeObjectiveValue(x0);
}

Time : 19/11/24 19:07
----------------------------------------

----------------------------------------
----------------------------------------
Find a patch : [/home/zach/Downloads/simfix/d4j/projects/math/math_50_buggy/src/main/java/org/apache/commons/math/analysis/solvers/BaseSecantSolver.java=>187,190]
if(x==x0){
x0=0.5*(x0+x1-FastMath.max(rtol*FastMath.abs(x1),atol));
f0=computeObjectiveValue(x0);
}

Time : 19/11/24 19:07
----------------------------------------
Success time : 19/11/24 19:07
