=================================================
Project : math_63	start : 19/11/24 19:17
Current failed test : org.apache.commons.math.util.MathUtilsTest::testArrayEquals | 19/11/24 19:18
Sun Nov 24 19:18:44 EST 2019 org.apache.commons.math.util.MathUtils,417

----------------------------------------
----------------------------------------
Pass Single Test : [=>0,0]
return equals(x,y,1)||FastMath.abs(y-x)<=SAFE_MIN;

Time : 19/11/24 19:19
----------------------------------------

----------------------------------------
----------------------------------------
Similar code block : 1.808976301345361 : [/home/zach/Downloads/simfix/d4j/projects/math/math_63_buggy/src/main/java/org/apache/commons/math/util/MathUtils.java=>0,0]
return equals(x,y,1)||FastMath.abs(y-x)<=eps;

Time : 19/11/24 19:19
----------------------------------------

----------------------------------------
----------------------------------------
Original source code : [/home/zach/Downloads/simfix/d4j/projects/math/math_63_buggy/src/main/java/org/apache/commons/math/util/MathUtils.java=>417,417]
return (Double.isNaN(x)&&Double.isNaN(y))||x==y;

Time : 19/11/24 19:19
----------------------------------------

----------------------------------------
----------------------------------------
Find a patch : [/home/zach/Downloads/simfix/d4j/projects/math/math_63_buggy/src/main/java/org/apache/commons/math/util/MathUtils.java=>417,417]
return equals(x,y,1)||FastMath.abs(y-x)<=SAFE_MIN;

Time : 19/11/24 19:19
----------------------------------------
Success time : 19/11/24 19:19
