=================================================
Project : math_70	start : 19/11/24 19:19
Current failed test : org.apache.commons.math.analysis.solvers.BisectionSolverTest::testMath369 | 19/11/24 19:19
Sun Nov 24 19:19:54 EST 2019 org.apache.commons.math.analysis.solvers.BisectionSolver,72

----------------------------------------
----------------------------------------
Pass Single Test : [=>0,0]
return solve(f,min,max);

Time : 19/11/24 19:20
----------------------------------------

----------------------------------------
----------------------------------------
Similar code block : 2.7847319278346623 : [/home/zach/Downloads/simfix/d4j/projects/math/math_70_buggy/src/main/java/org/apache/commons/math/analysis/solvers/BisectionSolver.java=>0,0]
return solve(f,min,max);

Time : 19/11/24 19:20
----------------------------------------

----------------------------------------
----------------------------------------
Original source code : [/home/zach/Downloads/simfix/d4j/projects/math/math_70_buggy/src/main/java/org/apache/commons/math/analysis/solvers/BisectionSolver.java=>72,72]
return solve(min,max);

Time : 19/11/24 19:20
----------------------------------------

----------------------------------------
----------------------------------------
Find a patch : [/home/zach/Downloads/simfix/d4j/projects/math/math_70_buggy/src/main/java/org/apache/commons/math/analysis/solvers/BisectionSolver.java=>72,72]
return solve(f,min,max);

Time : 19/11/24 19:20
----------------------------------------
Success time : 19/11/24 19:20
