=================================================
Project : math_71	start : 19/11/24 19:20
Current failed test : org.apache.commons.math.ode.nonstiff.ClassicalRungeKuttaIntegratorTest::testMissedEndEvent_purify_1 | 19/11/24 19:20
Sun Nov 24 19:20:55 EST 2019 org.apache.commons.math.ode.nonstiff.RungeKuttaIntegrator,180

----------------------------------------
----------------------------------------
Pass Single Test : [=>0,0]
if(Math.abs(dt)<=Math.abs(stepStart)){
loop=false;
}else {
stepSize=dt;
}

Time : 19/11/24 19:21
----------------------------------------

----------------------------------------
----------------------------------------
Pass Single Test : [=>0,0]
if(Math.abs(dt)<Math.abs(t)){
loop=false;
}else {
stepSize=dt;
}

Time : 19/11/24 19:21
----------------------------------------

----------------------------------------
----------------------------------------
Pass Single Test : [=>0,0]
if(Math.abs(dt)<=Math.abs(t)){
loop=false;
}else {
stepSize=dt;
}

Time : 19/11/24 19:21
----------------------------------------

----------------------------------------
----------------------------------------
Pass Single Test : [=>0,0]
if(Math.abs(dt)<Math.abs(stepStart)){
loop=false;
}else {
stepSize=dt;
}

Time : 19/11/24 19:21
----------------------------------------

----------------------------------------
----------------------------------------
Pass Single Test : [=>0,0]
if(Math.abs(dt)<=Math.ulp(stepStart)){
stepSize=0;
loop=false;
}else {
stepSize=dt;
}

Time : 19/11/24 19:22
----------------------------------------

----------------------------------------
----------------------------------------
Pass Single Test : [=>0,0]
if(Math.abs(dt)<=Math.ulp(stepStart)){
interpolator.storeTime(stepStart);
stepSize=0;
loop=false;
}else {
stepSize=dt;
}

Time : 19/11/24 19:22
----------------------------------------

----------------------------------------
----------------------------------------
Pass Single Test : [=>0,0]
if(Math.abs(dt)<=Math.ulp(stepStart)){
System.arraycopy(y,0,yTmp,0,y0.length);
stepSize=0;
loop=false;
}else {
stepSize=dt;
}

Time : 19/11/24 19:22
----------------------------------------

----------------------------------------
----------------------------------------
Similar code block : 2.0791107674086833 : [/home/zach/Downloads/simfix/d4j/projects/math/math_71_buggy/src/main/java/org/apache/commons/math/ode/nonstiff/RungeKuttaIntegrator.java=>0,0]
if(Math.abs(dt)<=Math.ulp(stepStart)){
interpolator.storeTime(stepStart);
System.arraycopy(y,0,yTmp,0,y0.length);
hNew=0;
stepSize=0;
loop=false;
}else {
hNew=dt;
interpolator.rescale(hNew);
}

Time : 19/11/24 19:22
----------------------------------------

----------------------------------------
----------------------------------------
Original source code : [/home/zach/Downloads/simfix/d4j/projects/math/math_71_buggy/src/main/java/org/apache/commons/math/ode/nonstiff/RungeKuttaIntegrator.java=>174,184]
if(Math.abs(dt)<=Math.ulp(stepStart)){
loop=false;
}else {
stepSize=dt;
}

Time : 19/11/24 19:22
----------------------------------------

----------------------------------------
----------------------------------------
Find a patch : [/home/zach/Downloads/simfix/d4j/projects/math/math_71_buggy/src/main/java/org/apache/commons/math/ode/nonstiff/RungeKuttaIntegrator.java=>174,184]
if(Math.abs(dt)<=Math.ulp(stepStart)){
System.arraycopy(y,0,yTmp,0,y0.length);
stepSize=0;
loop=false;
}else {
stepSize=dt;
}

Time : 19/11/24 19:22
----------------------------------------
Success time : 19/11/24 19:22
Current failed test : org.apache.commons.math.ode.nonstiff.ClassicalRungeKuttaIntegratorTest::testMissedEndEvent_purify_4 | 19/11/24 19:22
Already fixed : org.apache.commons.math.ode.nonstiff.ClassicalRungeKuttaIntegratorTest::testMissedEndEvent_purify_4
Current failed test : org.apache.commons.math.ode.nonstiff.DormandPrince853IntegratorTest::testMissedEndEvent_purify_2 | 19/11/24 19:22
Sun Nov 24 19:23:07 EST 2019 org.apache.commons.math.ode.nonstiff.EmbeddedRungeKuttaIntegrator,300

----------------------------------------
----------------------------------------
Pass Single Test : [=>0,0]
if(Math.abs(dt)<=Math.abs(stepStart)){
loop=false;
}else {
hNew=dt;
}

Time : 19/11/24 19:24
----------------------------------------

----------------------------------------
----------------------------------------
Pass Single Test : [=>0,0]
if(Math.abs(dt)<Math.abs(stepStart)){
loop=false;
}else {
hNew=dt;
}

Time : 19/11/24 19:24
----------------------------------------

----------------------------------------
----------------------------------------
Pass Single Test : [=>0,0]
if(Math.abs(dt)<=Math.ulp(stepStart)){
stepSize=0;
loop=false;
}else {
hNew=dt;
}

Time : 19/11/24 19:25
----------------------------------------

----------------------------------------
----------------------------------------
Pass Single Test : [=>0,0]
if(Math.abs(dt)<=Math.ulp(stepStart)){
interpolator.storeTime(stepStart);
System.arraycopy(y,0,yTmp,0,y0.length);
hNew=0;
stepSize=0;

loop=false;
}else {
hNew=dt;
}

Time : 19/11/24 19:25
----------------------------------------

----------------------------------------
----------------------------------------
Similar code block : 2.0791107674086833 : [/home/zach/Downloads/simfix/d4j/projects/math/math_71_buggy/src/main/java/org/apache/commons/math/ode/nonstiff/EmbeddedRungeKuttaIntegrator.java=>0,0]
if(Math.abs(dt)<=Math.ulp(stepStart)){
interpolator.storeTime(stepStart);
System.arraycopy(y,0,yTmp,0,y0.length);
hNew=0;
stepSize=0;
loop=false;
}else {
hNew=dt;
interpolator.rescale(hNew);
}

Time : 19/11/24 19:25
----------------------------------------

----------------------------------------
----------------------------------------
Original source code : [/home/zach/Downloads/simfix/d4j/projects/math/math_71_buggy/src/main/java/org/apache/commons/math/ode/nonstiff/EmbeddedRungeKuttaIntegrator.java=>294,304]
if(Math.abs(dt)<=Math.ulp(stepStart)){
loop=false;
}else {
hNew=dt;
}

Time : 19/11/24 19:25
----------------------------------------

----------------------------------------
----------------------------------------
Find a patch : [/home/zach/Downloads/simfix/d4j/projects/math/math_71_buggy/src/main/java/org/apache/commons/math/ode/nonstiff/EmbeddedRungeKuttaIntegrator.java=>294,304]
if(Math.abs(dt)<=Math.ulp(stepStart)){
interpolator.storeTime(stepStart);
System.arraycopy(y,0,yTmp,0,y0.length);
hNew=0;
stepSize=0;

loop=false;
}else {
hNew=dt;
}

Time : 19/11/24 19:25
----------------------------------------
Success time : 19/11/24 19:25
