=================================================
Project : lang_27	start : 19/11/25 06:44
Current failed test : org.apache.commons.lang3.math.NumberUtilsTest::testCreateNumber_purify_25 | 19/11/25 06:45
Mon Nov 25 06:45:42 EST 2019 org.apache.commons.lang3.math.NumberUtils,489

----------------------------------------
----------------------------------------
Pass Single Test : [=>0,0]
if(expPos>-1&&expPos<str.length()-1){
mant=str.substring(0,expPos);
}else {
mant=str;
}

Time : 19/11/25 06:46
----------------------------------------

----------------------------------------
----------------------------------------
Similar code block : 2.0297619047619047 : [/home/osboxes/simfix/d4j/projects/lang/lang_27_buggy/src/main/java/org/apache/commons/lang3/math/NumberUtils.java=>0,0]
if(expPos>-1&&expPos<str.length()-1){
exp=str.substring(expPos+1,str.length());
}else {
exp=null;
}

Time : 19/11/25 06:46
----------------------------------------

----------------------------------------
----------------------------------------
Original source code : [/home/osboxes/simfix/d4j/projects/lang/lang_27_buggy/src/main/java/org/apache/commons/lang3/math/NumberUtils.java=>488,492]
if(expPos>-1){
mant=str.substring(0,expPos);
}else {
mant=str;
}

Time : 19/11/25 06:46
----------------------------------------

----------------------------------------
----------------------------------------
Find a patch : [/home/osboxes/simfix/d4j/projects/lang/lang_27_buggy/src/main/java/org/apache/commons/lang3/math/NumberUtils.java=>488,492]
if(expPos>-1&&expPos<str.length()-1){
mant=str.substring(0,expPos);
}else {
mant=str;
}

Time : 19/11/25 06:46
----------------------------------------
Success time : 19/11/25 06:46
