=================================================
Project : lang_39	start : 19/11/25 06:49
Current failed test : org.apache.commons.lang3.StringUtilsTest::testReplace_StringStringArrayStringArray | 19/11/25 06:49
Mon Nov 25 06:49:27 EST 2019 org.apache.commons.lang3.StringUtils,3502
Mon Nov 25 06:49:49 EST 2019 org.apache.commons.lang3.StringUtils,3648
Mon Nov 25 06:51:50 EST 2019 org.apache.commons.lang3.StringUtils,3727
Mon Nov 25 06:51:51 EST 2019 org.apache.commons.lang3.StringUtils,3612
Mon Nov 25 06:55:50 EST 2019 org.apache.commons.lang3.StringUtils,3615
Mon Nov 25 06:55:50 EST 2019 org.apache.commons.lang3.StringUtils,3619
Mon Nov 25 06:55:50 EST 2019 org.apache.commons.lang3.StringUtils,3623
Mon Nov 25 07:03:54 EST 2019 org.apache.commons.lang3.StringUtils,3624
Mon Nov 25 07:15:34 EST 2019 org.apache.commons.lang3.StringUtils,3627
Mon Nov 25 07:16:04 EST 2019 org.apache.commons.lang3.StringUtils,3635
Mon Nov 25 07:17:20 EST 2019 org.apache.commons.lang3.StringUtils,3638
Mon Nov 25 07:17:20 EST 2019 org.apache.commons.lang3.StringUtils,3639
Mon Nov 25 07:17:21 EST 2019 org.apache.commons.lang3.StringUtils,3640
Mon Nov 25 07:17:21 EST 2019 org.apache.commons.lang3.StringUtils,3644
Mon Nov 25 07:29:15 EST 2019 org.apache.commons.lang3.StringUtils,3645
Mon Nov 25 07:29:15 EST 2019 org.apache.commons.lang3.StringUtils,3650
Mon Nov 25 07:50:16 EST 2019 org.apache.commons.lang3.StringUtils,3653
Mon Nov 25 07:50:16 EST 2019 org.apache.commons.lang3.StringUtils,3654
Mon Nov 25 07:50:16 EST 2019 org.apache.commons.lang3.StringUtils,3656
Mon Nov 25 07:50:16 EST 2019 org.apache.commons.lang3.StringUtils,3657
Mon Nov 25 07:50:16 EST 2019 org.apache.commons.lang3.StringUtils,3658
Mon Nov 25 07:50:16 EST 2019 org.apache.commons.lang3.StringUtils,3665
Mon Nov 25 07:50:34 EST 2019 org.apache.commons.lang3.StringUtils,3666
Mon Nov 25 07:50:34 EST 2019 org.apache.commons.lang3.StringUtils,3669
Mon Nov 25 07:52:52 EST 2019 org.apache.commons.lang3.StringUtils,3672

----------------------------------------
----------------------------------------
Pass Single Test : [=>0,0]
for(int i=0;i<searchList.length;i++){
if(noMoreMatchesForReplIndex[i]||searchList[i]==null||searchList[i].length()==0||replacementList[i]==null){
continue;
}
int greater=replacementList[i].length()-searchList[i].length();
if(greater>0){
increase+=3*greater;
}
}

Time : 19/11/25 07:53
----------------------------------------

----------------------------------------
----------------------------------------
Similar code block : 2.3414815116080265 : [/home/osboxes/simfix/d4j/projects/lang/lang_39_buggy/src/java/org/apache/commons/lang3/StringUtils.java=>0,0]
for(int i=0;i<searchLength;i++){
if(noMoreMatchesForReplIndex[i]||searchList[i]==null||searchList[i].length()==0||replacementList[i]==null){
continue;
}
tempIndex=text.indexOf(searchList[i]);
if(tempIndex==-1){
noMoreMatchesForReplIndex[i]=true;
}else {
if(textIndex==-1||tempIndex<textIndex){
textIndex=tempIndex;
replaceIndex=i;
}
}
}

Time : 19/11/25 07:53
----------------------------------------

----------------------------------------
----------------------------------------
Original source code : [/home/osboxes/simfix/d4j/projects/lang/lang_39_buggy/src/java/org/apache/commons/lang3/StringUtils.java=>3675,3680]
for(int i=0;i<searchList.length;i++){
int greater=replacementList[i].length()-searchList[i].length();
if(greater>0){
increase+=3*greater;
}
}

Time : 19/11/25 07:53
----------------------------------------

----------------------------------------
----------------------------------------
Find a patch : [/home/osboxes/simfix/d4j/projects/lang/lang_39_buggy/src/java/org/apache/commons/lang3/StringUtils.java=>3675,3680]
for(int i=0;i<searchList.length;i++){
if(noMoreMatchesForReplIndex[i]||searchList[i]==null||searchList[i].length()==0||replacementList[i]==null){
continue;
}
int greater=replacementList[i].length()-searchList[i].length();
if(greater>0){
increase+=3*greater;
}
}

Time : 19/11/25 07:53
----------------------------------------
Success time : 19/11/25 07:53
