=================================================
Project : lang_41	start : 19/11/25 07:53
Current failed test : org.apache.commons.lang.ClassUtilsTest::test_getShortClassName_Class_purify_4 | 19/11/25 07:55
Mon Nov 25 07:55:22 EST 2019 org.apache.commons.lang.ClassUtils,172

----------------------------------------
----------------------------------------
Pass Single Test : [=>0,0]
if(cls==null){
return StringUtils.EMPTY;
}
return getShortCanonicalName(cls.getName());

Time : 19/11/25 07:55
----------------------------------------

----------------------------------------
----------------------------------------
Similar code block : 2.5 : [/home/osboxes/simfix/d4j/projects/lang/lang_41_buggy/src/java/org/apache/commons/lang/ClassUtils.java=>0,0]
if(cls==null){
return StringUtils.EMPTY;
}
return getShortCanonicalName(cls.getName());

Time : 19/11/25 07:55
----------------------------------------

----------------------------------------
----------------------------------------
Original source code : [/home/osboxes/simfix/d4j/projects/lang/lang_41_buggy/src/java/org/apache/commons/lang/ClassUtils.java=>169,172]
if(cls==null){
return StringUtils.EMPTY;
}
return getShortClassName(cls.getName());

Time : 19/11/25 07:55
----------------------------------------

----------------------------------------
----------------------------------------
Find a patch : [/home/osboxes/simfix/d4j/projects/lang/lang_41_buggy/src/java/org/apache/commons/lang/ClassUtils.java=>169,172]
if(cls==null){
return StringUtils.EMPTY;
}
return getShortCanonicalName(cls.getName());

Time : 19/11/25 07:55
----------------------------------------
Success time : 19/11/25 07:55
Current failed test : org.apache.commons.lang.ClassUtilsTest::test_getShortClassName_Class_purify_5 | 19/11/25 07:55
Already fixed : org.apache.commons.lang.ClassUtilsTest::test_getShortClassName_Class_purify_5
Current failed test : org.apache.commons.lang.ClassUtilsTest::test_getShortClassName_Class_purify_14 | 19/11/25 07:56
Already fixed : org.apache.commons.lang.ClassUtilsTest::test_getShortClassName_Class_purify_14
Current failed test : org.apache.commons.lang.ClassUtilsTest::test_getShortClassName_Class_purify_15 | 19/11/25 07:56
Already fixed : org.apache.commons.lang.ClassUtilsTest::test_getShortClassName_Class_purify_15
Current failed test : org.apache.commons.lang.ClassUtilsTest::test_getShortClassName_Class_purify_16 | 19/11/25 07:56
Already fixed : org.apache.commons.lang.ClassUtilsTest::test_getShortClassName_Class_purify_16
Current failed test : org.apache.commons.lang.ClassUtilsTest::test_getShortClassName_Class_purify_17 | 19/11/25 07:56
Already fixed : org.apache.commons.lang.ClassUtilsTest::test_getShortClassName_Class_purify_17
Current failed test : org.apache.commons.lang.ClassUtilsTest::test_getShortClassName_Class_purify_18 | 19/11/25 07:56
Already fixed : org.apache.commons.lang.ClassUtilsTest::test_getShortClassName_Class_purify_18
Current failed test : org.apache.commons.lang.ClassUtilsTest::test_getShortClassName_Class_purify_19 | 19/11/25 07:56
Already fixed : org.apache.commons.lang.ClassUtilsTest::test_getShortClassName_Class_purify_19
Current failed test : org.apache.commons.lang.ClassUtilsTest::test_getShortClassName_Class_purify_20 | 19/11/25 07:56
Already fixed : org.apache.commons.lang.ClassUtilsTest::test_getShortClassName_Class_purify_20
Current failed test : org.apache.commons.lang.ClassUtilsTest::test_getShortClassName_Class_purify_21 | 19/11/25 07:56
Already fixed : org.apache.commons.lang.ClassUtilsTest::test_getShortClassName_Class_purify_21
Current failed test : org.apache.commons.lang.ClassUtilsTest::test_getShortClassName_Class_purify_22 | 19/11/25 07:56
Already fixed : org.apache.commons.lang.ClassUtilsTest::test_getShortClassName_Class_purify_22
Current failed test : org.apache.commons.lang.ClassUtilsTest::test_getShortClassName_Class_purify_23 | 19/11/25 07:56
Already fixed : org.apache.commons.lang.ClassUtilsTest::test_getShortClassName_Class_purify_23
Current failed test : org.apache.commons.lang.ClassUtilsTest::test_getShortClassName_Class_purify_24 | 19/11/25 07:56
Already fixed : org.apache.commons.lang.ClassUtilsTest::test_getShortClassName_Class_purify_24
Current failed test : org.apache.commons.lang.ClassUtilsTest::test_getPackageName_Class_purify_4 | 19/11/25 07:56
Mon Nov 25 07:56:36 EST 2019 org.apache.commons.lang.ClassUtils,256
Mon Nov 25 08:02:28 EST 2019 org.apache.commons.lang.ClassUtils,232

----------------------------------------
----------------------------------------
Pass Single Test : [=>0,0]
if(cls==null){
return StringUtils.EMPTY;
}
return getPackageCanonicalName(cls.getName());

Time : 19/11/25 08:02
----------------------------------------

----------------------------------------
----------------------------------------
Similar code block : 2.5 : [/home/osboxes/simfix/d4j/projects/lang/lang_41_buggy/src/java/org/apache/commons/lang/ClassUtils.java=>0,0]
if(cls==null){
return StringUtils.EMPTY;
}
return getPackageCanonicalName(cls.getName());

Time : 19/11/25 08:02
----------------------------------------

----------------------------------------
----------------------------------------
Original source code : [/home/osboxes/simfix/d4j/projects/lang/lang_41_buggy/src/java/org/apache/commons/lang/ClassUtils.java=>229,232]
if(cls==null){
return StringUtils.EMPTY;
}
return getPackageName(cls.getName());

Time : 19/11/25 08:02
----------------------------------------

----------------------------------------
----------------------------------------
Find a patch : [/home/osboxes/simfix/d4j/projects/lang/lang_41_buggy/src/java/org/apache/commons/lang/ClassUtils.java=>229,232]
if(cls==null){
return StringUtils.EMPTY;
}
return getPackageCanonicalName(cls.getName());

Time : 19/11/25 08:02
----------------------------------------
Success time : 19/11/25 08:02
Current failed test : org.apache.commons.lang.ClassUtilsTest::test_getPackageName_Class_purify_13 | 19/11/25 08:02
Already fixed : org.apache.commons.lang.ClassUtilsTest::test_getPackageName_Class_purify_13
Current failed test : org.apache.commons.lang.ClassUtilsTest::test_getPackageName_Class_purify_14 | 19/11/25 08:03
Already fixed : org.apache.commons.lang.ClassUtilsTest::test_getPackageName_Class_purify_14
Current failed test : org.apache.commons.lang.ClassUtilsTest::test_getPackageName_Class_purify_15 | 19/11/25 08:03
Already fixed : org.apache.commons.lang.ClassUtilsTest::test_getPackageName_Class_purify_15
