=================================================
Project : lang_43	start : 19/11/25 08:03
Current failed test : org.apache.commons.lang.text.ExtendedMessageFormatTest::testEscapedQuote_LANG_477 | 19/11/25 08:03
Mon Nov 25 08:07:35 EST 2019 org.apache.commons.lang.text.ExtendedMessageFormat,158
Mon Nov 25 08:07:51 EST 2019 org.apache.commons.lang.text.ExtendedMessageFormat,159
Mon Nov 25 08:08:04 EST 2019 org.apache.commons.lang.text.ExtendedMessageFormat,419

----------------------------------------
----------------------------------------
Pass Single Test : [=>0,0]
int start=pos.getIndex();
char[] c=pattern.toCharArray();
if(escapingOn&&c[start]==QUOTE){
next(pos);
return appendTo==null?null:appendTo.append(QUOTE);
}

Time : 19/11/25 08:08
----------------------------------------

----------------------------------------
----------------------------------------
Similar code block : 2.0020093882692773 : [/home/osboxes/simfix/d4j/projects/lang/lang_43_buggy/src/java/org/apache/commons/lang/text/ExtendedMessageFormat.java=>0,0]
swtich (c[pos.getIndex()]){
case QUOTE :
next(pos);
return appendTo==null?null:appendTo.append(c,lastHold,pos.getIndex()-lastHold);

default :
next(pos);

}

Time : 19/11/25 08:08
----------------------------------------

----------------------------------------
----------------------------------------
Original source code : [/home/osboxes/simfix/d4j/projects/lang/lang_43_buggy/src/java/org/apache/commons/lang/text/ExtendedMessageFormat.java=>419,423]
int start=pos.getIndex();
char[] c=pattern.toCharArray();
if(escapingOn&&c[start]==QUOTE){
return appendTo==null?null:appendTo.append(QUOTE);
}

Time : 19/11/25 08:08
----------------------------------------

----------------------------------------
----------------------------------------
Find a patch : [/home/osboxes/simfix/d4j/projects/lang/lang_43_buggy/src/java/org/apache/commons/lang/text/ExtendedMessageFormat.java=>419,423]
int start=pos.getIndex();
char[] c=pattern.toCharArray();
if(escapingOn&&c[start]==QUOTE){
next(pos);
return appendTo==null?null:appendTo.append(QUOTE);
}

Time : 19/11/25 08:08
----------------------------------------
Success time : 19/11/25 08:08
