=================================================
Project : lang_58	start : 19/11/25 08:16
Current failed test : org.apache.commons.lang.math.NumberUtilsTest::testLang300 | 19/11/25 08:16
Mon Nov 25 08:16:47 EST 2019 org.apache.commons.lang.math.NumberUtils,464

----------------------------------------
----------------------------------------
Pass Single Test : [=>0,0]
if(dec==null&&exp==null&&(numeric.charAt(0)=='-'&&isDigits(numeric.substring(1))||isDigits(numeric))){
try{
return createLong(numeric);
}catch (NumberFormatException nfe) {
}

return createBigInteger(numeric);
}

Time : 19/11/25 08:16
----------------------------------------

----------------------------------------
----------------------------------------
Similar code block : 3.075005835983946 : [/home/osboxes/simfix/d4j/projects/lang/lang_58_buggy/src/java/org/apache/commons/lang/math/NumberUtils.java=>0,0]
if(dec==null&&exp==null&&(numeric.charAt(0)=='-'&&isDigits(numeric.substring(1))||isDigits(numeric))){
try{
return createLong(numeric);
}catch (NumberFormatException nfe) {
}

return createBigInteger(numeric);
}

Time : 19/11/25 08:17
----------------------------------------

----------------------------------------
----------------------------------------
Original source code : [/home/osboxes/simfix/d4j/projects/lang/lang_58_buggy/src/java/org/apache/commons/lang/math/NumberUtils.java=>452,463]
if(dec==null&&exp==null&&isDigits(numeric.substring(1))&&(numeric.charAt(0)=='-'||Character.isDigit(numeric.charAt(0)))){
try{
return createLong(numeric);
}catch (NumberFormatException nfe) {
}

return createBigInteger(numeric);
}

Time : 19/11/25 08:17
----------------------------------------

----------------------------------------
----------------------------------------
Find a patch : [/home/osboxes/simfix/d4j/projects/lang/lang_58_buggy/src/java/org/apache/commons/lang/math/NumberUtils.java=>452,463]
if(dec==null&&exp==null&&(numeric.charAt(0)=='-'&&isDigits(numeric.substring(1))||isDigits(numeric))){
try{
return createLong(numeric);
}catch (NumberFormatException nfe) {
}

return createBigInteger(numeric);
}

Time : 19/11/25 08:17
----------------------------------------
Success time : 19/11/25 08:17
