=================================================
Project : lang_60	start : 19/11/25 08:17
Current failed test : org.apache.commons.lang.text.StrBuilderTest::testLang295_purify_1 | 19/11/25 08:17
Mon Nov 25 08:17:43 EST 2019 org.apache.commons.lang.text.StrBuilder,1672

----------------------------------------
----------------------------------------
Pass Single Test : [=>0,0]
if(thisBuf[i]==ch){
return false;
}

Time : 19/11/25 08:18
----------------------------------------

----------------------------------------
----------------------------------------
Pass Single Test : [=>0,0]
if(thisBuf[i]!=ch){
return false;
}

Time : 19/11/25 08:18
----------------------------------------

----------------------------------------
----------------------------------------
Pass Single Test : [=>0,0]
if(thisBuf[i]==buffer[i]){
return false;
}

Time : 19/11/25 08:18
----------------------------------------

----------------------------------------
----------------------------------------
Pass Single Test : [=>0,0]
if(thisBuf[i]!=buffer[i]){
return true;
}

Time : 19/11/25 08:19
----------------------------------------

----------------------------------------
----------------------------------------
Pass Single Test : [=>0,0]
if(thisBuf[i]!=buffer[i]){
return false;
}

Time : 19/11/25 08:19
----------------------------------------

----------------------------------------
----------------------------------------
Pass Single Test : [=>0,0]
if(thisBuf[i]==i){
return true;
}

Time : 19/11/25 08:19
----------------------------------------

----------------------------------------
----------------------------------------
Pass Single Test : [=>0,0]
ch=thisBuf[i];
if(thisBuf[i]==i){
return true;
}

Time : 19/11/25 08:20
----------------------------------------

----------------------------------------
----------------------------------------
Pass Single Test : [=>0,0]
if(ch=='\\'){
return true;
}

Time : 19/11/25 08:20
----------------------------------------

----------------------------------------
----------------------------------------
Pass Single Test : [=>0,0]
if(thisBuf[i]=='\\'){
return true;
}

Time : 19/11/25 08:21
----------------------------------------

----------------------------------------
----------------------------------------
Pass Single Test : [=>0,0]
if(thisBuf[i]=='0'){
return true;
}

Time : 19/11/25 08:21
----------------------------------------

----------------------------------------
----------------------------------------
Pass Single Test : [=>0,0]
if(thisBuf[i]=='0'){
return false;
}

Time : 19/11/25 08:21
----------------------------------------

----------------------------------------
----------------------------------------
Pass Single Test : [=>0,0]
if(thisBuf[i]!='0'){
return false;
}

Time : 19/11/25 08:22
----------------------------------------

----------------------------------------
----------------------------------------
Pass Single Test : [=>0,0]
if(ch=='Y'){
return true;
}

Time : 19/11/25 08:23
----------------------------------------

----------------------------------------
----------------------------------------
Pass Single Test : [=>0,0]
if(thisBuf[i]=='Y'){
return true;
}

Time : 19/11/25 08:23
----------------------------------------

----------------------------------------
----------------------------------------
Pass Single Test : [=>0,0]
if(ch=='T'){
return true;
}

Time : 19/11/25 08:24
----------------------------------------

----------------------------------------
----------------------------------------
Pass Single Test : [=>0,0]
if(thisBuf[i]=='T'){
return true;
}

Time : 19/11/25 08:24
----------------------------------------

----------------------------------------
----------------------------------------
Pass Single Test : [=>0,0]
if(ch=='y'){
return true;
}

Time : 19/11/25 08:25
----------------------------------------

----------------------------------------
----------------------------------------
Pass Single Test : [=>0,0]
if(thisBuf[i]=='y'){
return true;
}

Time : 19/11/25 08:25
----------------------------------------

----------------------------------------
----------------------------------------
Pass Single Test : [=>0,0]
if(ch=='t'){
return true;
}

Time : 19/11/25 08:25
----------------------------------------

----------------------------------------
----------------------------------------
Pass Single Test : [=>0,0]
for(int i=0;i<thisBuf.length;i++){
if(thisBuf[i]==ch){
return false;
}
}

Time : 19/11/25 08:26
----------------------------------------

----------------------------------------
----------------------------------------
Pass Single Test : [=>0,0]
for(int i=CAPACITY;i<thisBuf.length;i++){
if(thisBuf[i]==ch){
return true;
}
}

Time : 19/11/25 08:26
----------------------------------------

----------------------------------------
----------------------------------------
Pass Single Test : [=>0,0]
for(int i=CAPACITY;i<thisBuf.length;i++){
if(buffer[i]==ch){
return true;
}
}

Time : 19/11/25 08:26
----------------------------------------

----------------------------------------
----------------------------------------
Pass Single Test : [=>0,0]
for(int i=0;i<thisBuf.length;i++){
if(thisBuf[i]!=ch){
return false;
}
}

Time : 19/11/25 08:27
----------------------------------------

----------------------------------------
----------------------------------------
Pass Single Test : [=>0,0]
for(int i=0;i<thisBuf.length;i++){
if(thisBuf[i]==buffer[i]){
return false;
}
}

Time : 19/11/25 08:27
----------------------------------------

----------------------------------------
----------------------------------------
Pass Single Test : [=>0,0]
for(int i=0;i<thisBuf.length;i++){
if(thisBuf[i]!=buffer[i]){
return true;
}
}

Time : 19/11/25 08:28
----------------------------------------

----------------------------------------
----------------------------------------
Pass Single Test : [=>0,0]
for(int i=0;i<thisBuf.length;i++){
if(thisBuf[i]!=buffer[i]){
return false;
}
}

Time : 19/11/25 08:28
----------------------------------------

----------------------------------------
----------------------------------------
Pass Single Test : [=>0,0]
for(int i=0;i<size;i++){
if(thisBuf[i]==ch){
return true;
}
}

Time : 19/11/25 08:28
----------------------------------------

----------------------------------------
----------------------------------------
Similar code block : 1.6115366026174462 : [/home/osboxes/simfix/d4j/projects/lang/lang_60_buggy/src/java/org/apache/commons/lang/text/StrBuilder.java=>0,0]
for(int i=0;i<size;i++){
if(buffer[i]==ch){
deleteImpl(i,i+1,1);
break;
}
}

Time : 19/11/25 08:29
----------------------------------------

----------------------------------------
----------------------------------------
Original source code : [/home/osboxes/simfix/d4j/projects/lang/lang_60_buggy/src/java/org/apache/commons/lang/text/StrBuilder.java=>1673,1677]
for(int i=0;i<thisBuf.length;i++){
if(thisBuf[i]==ch){
return true;
}
}

Time : 19/11/25 08:29
----------------------------------------

----------------------------------------
----------------------------------------
Find a patch : [/home/osboxes/simfix/d4j/projects/lang/lang_60_buggy/src/java/org/apache/commons/lang/text/StrBuilder.java=>1673,1677]
for(int i=0;i<size;i++){
if(thisBuf[i]==ch){
return true;
}
}

Time : 19/11/25 08:29
----------------------------------------
Success time : 19/11/25 08:29
Current failed test : org.apache.commons.lang.text.StrBuilderTest::testLang295_purify_2 | 19/11/25 08:29
Mon Nov 25 08:29:34 EST 2019 org.apache.commons.lang.text.StrBuilder,1714

----------------------------------------
----------------------------------------
Pass Single Test : [=>0,0]
return indexOf(newLine,0);

Time : 19/11/25 08:29
----------------------------------------

----------------------------------------
----------------------------------------
Pass Single Test : [=>0,0]
return lastIndexOf(ch,size-1);

Time : 19/11/25 08:30
----------------------------------------

----------------------------------------
----------------------------------------
Pass Single Test : [=>0,0]
return lastIndexOf(ch,0);

Time : 19/11/25 08:30
----------------------------------------
Mon Nov 25 08:30:41 EST 2019 org.apache.commons.lang.text.StrBuilder,1202

----------------------------------------
----------------------------------------
Pass Single Test : [=>0,0]
if(len>0){
size+=len;
int index=indexOf(str,0);
if(index>=0){
deleteImpl(index,index+len,len);
}
}

Time : 19/11/25 08:33
----------------------------------------

----------------------------------------
----------------------------------------
Pass Single Test : [=>0,0]
if(str==null){
return appendNull();
}
if(len>0){
size+=len;
int index=indexOf(str,0);
if(index>=0){
deleteImpl(index,index+len,len);
}
}

Time : 19/11/25 08:34
----------------------------------------
Mon Nov 25 08:43:04 EST 2019 org.apache.commons.lang.text.StrBuilder,1203
Mon Nov 25 08:43:04 EST 2019 org.apache.commons.lang.text.StrBuilder,1204
Mon Nov 25 08:43:04 EST 2019 org.apache.commons.lang.text.StrBuilder,1205
Mon Nov 25 08:43:04 EST 2019 org.apache.commons.lang.text.StrBuilder,1206
Mon Nov 25 08:43:04 EST 2019 org.apache.commons.lang.text.StrBuilder,1209
Mon Nov 25 08:43:04 EST 2019 org.apache.commons.lang.text.StrBuilder,1725

----------------------------------------
----------------------------------------
Pass Single Test : [=>0,0]
if(newLine==null||startIndex>=size){
return -1;
}

Time : 19/11/25 08:43
----------------------------------------

----------------------------------------
----------------------------------------
Pass Single Test : [=>0,0]
if(buffer.length>=size){
return -1;
}

Time : 19/11/25 08:44
----------------------------------------

----------------------------------------
----------------------------------------
Pass Single Test : [=>0,0]
if(buffer.length>size){
return -1;
}

Time : 19/11/25 08:45
----------------------------------------

----------------------------------------
----------------------------------------
Pass Single Test : [=>0,0]
if(CAPACITY>=size){
return -1;
}

Time : 19/11/25 08:45
----------------------------------------

----------------------------------------
----------------------------------------
Pass Single Test : [=>0,0]
if(thisBuf[startIndex]==ch){
return i;
}

Time : 19/11/25 08:46
----------------------------------------

----------------------------------------
----------------------------------------
Pass Single Test : [=>0,0]
if(thisBuf[i]!=buffer[i]){
return i;
}

Time : 19/11/25 08:46
----------------------------------------

----------------------------------------
----------------------------------------
Pass Single Test : [=>0,0]
if(thisBuf[i]==i){
return i;
}

Time : 19/11/25 08:47
----------------------------------------

----------------------------------------
----------------------------------------
Pass Single Test : [=>0,0]
ch=thisBuf[i];
if(thisBuf[i]==i){
return i;
}

Time : 19/11/25 08:47
----------------------------------------

----------------------------------------
----------------------------------------
Pass Single Test : [=>0,0]
if(thisBuf[i]=='0'){
return i;
}

Time : 19/11/25 08:48
----------------------------------------

----------------------------------------
----------------------------------------
Pass Single Test : [=>0,0]
if(ch=='\\'){
return i;
}

Time : 19/11/25 08:49
----------------------------------------

----------------------------------------
----------------------------------------
Pass Single Test : [=>0,0]
if(thisBuf[i]=='\\'){
return i;
}

Time : 19/11/25 08:49
----------------------------------------

----------------------------------------
----------------------------------------
Pass Single Test : [=>0,0]
for(int i=startIndex;i<thisBuf.length;i++){
if(thisBuf[i]!=buffer[i]){
return i;
}
}

Time : 19/11/25 08:51
----------------------------------------

----------------------------------------
----------------------------------------
Pass Single Test : [=>0,0]
for(int i=size;i<thisBuf.length;i++){
if(thisBuf[i]!=buffer[i]){
return i;
}
}

Time : 19/11/25 08:51
----------------------------------------

----------------------------------------
----------------------------------------
Pass Single Test : [=>0,0]
for(int i=startIndex;i<size;i++){
if(thisBuf[i]==ch){
return i;
}
}

Time : 19/11/25 08:51
----------------------------------------

----------------------------------------
----------------------------------------
Similar code block : 1.6102087144668356 : [/home/osboxes/simfix/d4j/projects/lang/lang_60_buggy/src/java/org/apache/commons/lang/text/StrBuilder.java=>0,0]
for(int i=0;i<size;i++){
if(buffer[i]==ch){
deleteImpl(i,i+1,1);
break;
}
}

Time : 19/11/25 08:52
----------------------------------------

----------------------------------------
----------------------------------------
Original source code : [/home/osboxes/simfix/d4j/projects/lang/lang_60_buggy/src/java/org/apache/commons/lang/text/StrBuilder.java=>1730,1734]
for(int i=startIndex;i<thisBuf.length;i++){
if(thisBuf[i]==ch){
return i;
}
}

Time : 19/11/25 08:52
----------------------------------------

----------------------------------------
----------------------------------------
Find a patch : [/home/osboxes/simfix/d4j/projects/lang/lang_60_buggy/src/java/org/apache/commons/lang/text/StrBuilder.java=>1730,1734]
for(int i=startIndex;i<size;i++){
if(thisBuf[i]==ch){
return i;
}
}

Time : 19/11/25 08:52
----------------------------------------
Success time : 19/11/25 08:52
