=================================================
Project : chart_20	start : 19/11/25 05:50
Current failed test : org.jfree.chart.plot.junit.ValueMarkerTests::test1808376 | 19/11/25 05:50
Mon Nov 25 05:51:25 EST 2019 org.jfree.chart.plot.Marker,265
Mon Nov 25 05:51:28 EST 2019 org.jfree.chart.plot.Marker,238
Mon Nov 25 05:51:30 EST 2019 org.jfree.chart.plot.Marker,211
Mon Nov 25 05:51:32 EST 2019 org.jfree.chart.plot.ValueMarker,107
Mon Nov 25 05:51:51 EST 2019 org.jfree.chart.plot.ValueMarker,95

----------------------------------------
----------------------------------------
Pass Single Test : [=>0,0]
super(paint,stroke,outlinePaint,outlineStroke,alpha);
this.value=value;

Time : 19/11/25 05:52
----------------------------------------

----------------------------------------
----------------------------------------
Similar code block : 2.36278376661655 : [/home/osboxes/simfix/d4j/projects/chart/chart_20_buggy/source/org/jfree/chart/plot/ValueMarker.java=>0,0]
super(paint,stroke,outlinePaint,outlineStroke,alpha);
this.key=key;
setLabelOffsetType(LengthAdjustmentType.EXPAND);

Time : 19/11/25 05:52
----------------------------------------

----------------------------------------
----------------------------------------
Original source code : [/home/osboxes/simfix/d4j/projects/chart/chart_20_buggy/source/org/jfree/chart/plot/ValueMarker.java=>95,96]
super(paint,stroke,paint,stroke,alpha);
this.value=value;

Time : 19/11/25 05:52
----------------------------------------

----------------------------------------
----------------------------------------
Find a patch : [/home/osboxes/simfix/d4j/projects/chart/chart_20_buggy/source/org/jfree/chart/plot/ValueMarker.java=>95,96]
super(paint,stroke,outlinePaint,outlineStroke,alpha);
this.value=value;

Time : 19/11/25 05:52
----------------------------------------
Success time : 19/11/25 05:52
